<?xml version="1.0" encoding="UTF-8"?>
<!-- Generated by org.testng.reporters.JUnitReportReporter -->
<testsuite hostname="User-PC" failures="0" tests="1" name="HomeLoginPageTest" time="12.174" errors="0" timestamp="04 May 2020 08:55:06 GMT" skipped="0">
  <testcase classname="HomeLoginPageTest" name="verifyLogin" time="12.174"/>
</testsuite> <!-- HomeLoginPageTest -->
