<?xml version="1.0" encoding="UTF-8"?>
<!-- Generated by org.testng.reporters.JUnitReportReporter -->
<testsuite hostname="User-PC" failures="0" tests="3" name="LoginPageTest" time="53.416" errors="0" timestamp="07 May 2020 09:27:41 GMT" skipped="0">
  <testcase classname="LoginPageTest" name="verifyLogin" time="15.901"/>
  <testcase classname="LoginPageTest" name="verifyLogin" time="25.283"/>
  <testcase classname="LoginPageTest" name="verifyLogin" time="12.232"/>
</testsuite> <!-- LoginPageTest -->
